2020-11-19 13:09:34,803 INFO     - Platform: darwin
2020-11-19 13:09:34,804 INFO     - {'<count>': 'ab',
 '<hash>': 'f146adacb6e6de74420cc581bacbdb8a290382cd',
 '<name>': 'twitter',
 'N': 'N',
 'organization': True,
 'token': True}
2020-11-19 13:09:34,805 INFO     - twitter
2020-11-19 13:09:47,148 INFO     - Platform: darwin
2020-11-19 13:09:47,149 INFO     - {'<count>': '5',
 '<hash>': 'f146adacb6e6de74420cc581bacbdb8a290382cd',
 '<name>': 'twitter',
 'N': 'N',
 'organization': True,
 'token': True}
2020-11-19 13:09:47,149 INFO     - twitter
2020-11-19 13:09:49,741 INFO     - None
2020-11-19 13:09:50,112 INFO     - None
2020-11-19 13:11:50,573 INFO     - Platform: darwin
2020-11-19 13:11:50,574 INFO     - {'<count>': '5',
 '<hash>': 'f146adacb6e6de74420cc581bacbdb8a290382cd',
 '<name>': 'twitter',
 'N': 'N',
 'organization': True,
 'token': True}
2020-11-19 13:11:50,574 INFO     - twitter
2020-11-19 13:11:53,138 INFO     - None
2020-11-19 13:11:53,561 INFO     - None
2020-11-19 13:11:53,562 INFO     - None
2020-11-19 13:16:22,792 INFO     - Platform: darwin
2020-11-19 13:16:22,793 INFO     - {'<count>': '5',
 '<hash>': 'f146adacb6e6de74420cc581bacbdb8a290382cd',
 '<name>': 'twitter',
 'N': 'N',
 'organization': True,
 'token': True}
2020-11-19 13:16:22,793 INFO     - twitter
2020-11-19 13:17:29,690 INFO     - Platform: darwin
2020-11-19 13:17:29,691 INFO     - {'<count>': '5',
 '<hash>': 'f146adacb6e6de74420cc581bacbdb8a290382cd',
 '<name>': 'twitter',
 'N': 'N',
 'organization': True,
 'token': True}
2020-11-19 13:17:29,691 INFO     - twitter
2020-11-19 13:17:56,747 INFO     - Platform: darwin
2020-11-19 13:17:56,748 INFO     - {'<count>': '5',
 '<hash>': 'f146adacb6e6de74420cc581bacbdb8a290382cd',
 '<name>': 'twitter',
 'N': 'N',
 'organization': True,
 'token': True}
2020-11-19 13:17:56,749 INFO     - twitter
2020-11-19 13:18:06,169 INFO     - 200
2020-11-19 13:18:06,170 INFO     - {"data":{"organization":{"repositories":{"pageInfo":{"hasNextPage":true,"startCursor":"Y3Vyc29yOnYyOpHOAATGJQ==","endCursor":"Y3Vyc29yOnYyOpHOCTt_0Q=="},"nodes":[{"name":"hadoop-lzo","pullRequests":{"totalCount":78},"forks":{"totalCount":187},"stargazers":{"totalCount":515}},{"name":"thrift_client","pullRequests":{"totalCount":45},"forks":{"totalCount":72},"stargazers":{"totalCount":194}},{"name":"twurl","pullRequests":{"totalCount":61},"forks":{"totalCount":247},"stargazers":{"totalCount":1477}},{"name":"elephant-bird","pullRequests":{"totalCount":360},"forks":{"totalCount":341},"stargazers":{"totalCount":1099}},{"name":"ostrich","pullRequests":{"totalCount":52},"forks":{"totalCount":94},"stargazers":{"totalCount":785}},{"name":"scala_school","pullRequests":{"totalCount":172},"forks":{"totalCount":1077},"stargazers":{"totalCount":3570}},{"name":"finagle","pullRequests":{"totalCount":506},"forks":{"totalCount":1314},"stargazers":{"totalCount":7784}},{"name":"joauth","pullRequests":{"totalCount":36},"forks":{"totalCount":50},"stargazers":{"totalCount":194}},{"name":"twitter.github.io","pullRequests":{"totalCount":40},"forks":{"totalCount":401},"stargazers":{"totalCount":1508}},{"name":"util","pullRequests":{"totalCount":168},"forks":{"totalCount":499},"stargazers":{"totalCount":2411}},{"name":"scrooge","pullRequests":{"totalCount":173},"forks":{"totalCount":213},"stargazers":{"totalCount":716}},{"name":"pycascading","pullRequests":{"totalCount":1},"forks":{"totalCount":32},"stargazers":{"totalCount":221}},{"name":"hogan.js","pullRequests":{"totalCount":107},"forks":{"totalCount":416},"stargazers":{"totalCount":5074}},{"name":"scalding","pullRequests":{"totalCount":1340},"forks":{"totalCount":665},"stargazers":{"totalCount":3267}},{"name":"effectivescala","pullRequests":{"totalCount":62},"forks":{"totalCount":593},"stargazers":{"totalCount":2168}},{"name":"finatra","pullRequests":{"totalCount":249},"forks":{"totalCount":358},"stargazers":{"totalCount":2041}},{"name":"cassovary","pullRequests":{"totalCount":154},"forks":{"totalCount":124},"stargazers":{"totalCount":986}},{"name":"twemproxy","pullRequests":{"totalCount":208},"forks":{"totalCount":1752},"stargazers":{"totalCount":10253}},{"name":"twitter-cldr-rb","pullRequests":{"totalCount":169},"forks":{"totalCount":68},"stargazers":{"totalCount":616}},{"name":"innovators-patent-agreement","pullRequests":{"totalCount":12},"forks":{"totalCount":106},"stargazers":{"totalCount":912}},{"name":"recess","pullRequests":{"totalCount":54},"forks":{"totalCount":200},"stargazers":{"totalCount":2217}},{"name":"ambrose","pullRequests":{"totalCount":117},"forks":{"totalCount":204},"stargazers":{"totalCount":1194}},{"name":"activerecord-reputation-system","pullRequests":{"totalCount":17},"forks":{"totalCount":107},"stargazers":{"totalCount":1342}},{"name":"twemcache","pullRequests":{"totalCount":18},"forks":{"totalCount":139},"stargazers":{"totalCount":880}},{"name":"twitter-cldr-js","pullRequests":{"totalCount":53},"forks":{"totalCount":38},"stargazers":{"totalCount":328}},{"name":"algebird","pullRequests":{"totalCount":662},"forks":{"totalCount":283},"stargazers":{"totalCount":2017}},{"name":"twitter-cldr-npm","pullRequests":{"totalCount":5},"forks":{"totalCount":16},"stargazers":{"totalCount":38}},{"name":"tormenta","pullRequests":{"totalCount":52},"forks":{"totalCount":26},"stargazers":{"totalCount":133}},{"name":"summingbird","pullRequests":{"totalCount":494},"forks":{"totalCount":253},"stargazers":{"totalCount":2087}},{"name":"chill","pullRequests":{"totalCount":369},"forks":{"totalCount":108},"stargazers":{"totalCount":558}},{"name":"bijection","pullRequests":{"totalCount":372},"forks":{"totalCount":95},"stargazers":{"totalCount":607}},{"name":"fatcache","pullRequests":{"totalCount":17},"forks":{"totalCount":166},"stargazers":{"totalCount":1278}},{"name":"storehaus","pullRequests":{"totalCount":224},"forks":{"totalCount":75},"stargazers":{"totalCount":461}},{"name":"hbc","pullRequests":{"totalCount":83},"forks":{"totalCount":305},"stargazers":{"totalCount":882}},{"name":"typeahead.js","pullRequests":{"totalCount":470},"forks":{"totalCount":3127},"stargazers":{"totalCount":16209}},{"name":"twitter-server","pullRequests":{"totalCount":30},"forks":{"totalCount":181},"stargazers":{"totalCount":1141}},{"name":"netty-http2","pullRequests":{"totalCount":13},"forks":{"totalCount":47},"stargazers":{"totalCount":109}},{"name":"interactive","pullRequests":{"totalCount":4},"forks":{"totalCount":62},"stargazers":{"totalCount":208}},{"name":"scala_school2","pullRequests":{"totalCount":35},"forks":{"totalCount":67},"stargazers":{"totalCount":329}},{"name":"hraven","pullRequests":{"totalCount":104},"forks":{"totalCount":57},"stargazers":{"totalCount":126}},{"name":"cdk","pullRequests":{"totalCount":8},"forks":{"totalCount":19},"stargazers":{"totalCount":73}},{"name":"code-of-conduct","pullRequests":{"totalCount":3},"forks":{"totalCount":40},"stargazers":{"totalCount":76}},{"name":"cloudhopper-commons","pullRequests":{"totalCount":10},"forks":{"totalCount":27},"stargazers":{"totalCount":36}},{"name":"CocoaSPDY","pullRequests":{"totalCount":114},"forks":{"totalCount":233},"stargazers":{"totalCount":2401}},{"name":"hpack","pullRequests":{"totalCount":22},"forks":{"totalCount":44},"stargazers":{"totalCount":171}},{"name":"libwatchman","pullRequests":{"totalCount":21},"forks":{"totalCount":19},"stargazers":{"totalCount":38}},{"name":"zktraffic","pullRequests":{"totalCount":63},"forks":{"totalCount":39},"stargazers":{"totalCount":155}},{"name":"SentenTree","pullRequests":{"totalCount":8},"forks":{"totalCount":29},"stargazers":{"totalCount":144}},{"name":"wordpress","pullRequests":{"totalCount":27},"forks":{"totalCount":75},"stargazers":{"totalCount":255}},{"name":"BreakoutDetection","pullRequests":{"totalCount":10},"forks":{"totalCount":140},"stargazers":{"totalCount":713}},{"name":"twitter-korean-text","pullRequests":{"totalCount":62},"forks":{"totalCount":153},"stargazers":{"totalCount":752}},{"name":"twemoji","pullRequests":{"totalCount":123},"forks":{"totalCount":1296},"stargazers":{"totalCount":11925}},{"name":"twitter-text","pullRequests":{"totalCount":160},"forks":{"totalCount":371},"stargazers":{"totalCount":2384}},{"name":"AnomalyDetection","pullRequests":{"totalCount":37},"forks":{"totalCount":696},"stargazers":{"totalCount":3274}},{"name":"scala-json","pullRequests":{"totalCount":2},"forks":{"totalCount":5},"stargazers":{"totalCount":3}},{"name":"d3kit","pullRequests":{"totalCount":5},"forks":{"totalCount":40},"stargazers":{"totalCount":406}},{"name":"pants","pullRequests":{"totalCount":12},"forks":{"totalCount":21},"stargazers":{"totalCount":74}},{"name":"sslconfig","pullRequests":{"totalCount":3},"forks":{"totalCount":14},"stargazers":{"totalCount":37}},{"name":"whiskey","pullRequests":{"totalCount":17},"forks":{"totalCount":19},"stargazers":{"totalCount":126}},{"name":"cli-guide.js","pullRequests":{"totalCount":93},"forks":{"totalCount":12},"stargazers":{"totalCount":41}},{"name":"labella.js","pullRequests":{"totalCount":17},"forks":{"totalCount":113},"stargazers":{"totalCount":3725}},{"name":"finatra-activator-http-seed","pullRequests":{"totalCount":3},"forks":{"totalCount":3},"stargazers":{"totalCount":17}},{"name":"finatra-misc","pullRequests":{"totalCount":4},"forks":{"totalCount":6},"stargazers":{"totalCount":3}},{"name":"pelikan","pullRequests":{"totalCount":228},"forks":{"totalCount":65},"stargazers":{"totalCount":611}},{"name":"ccommon","pullRequests":{"totalCount":205},"forks":{"totalCount":27},"stargazers":{"totalCount":79}},{"name":"torch-autograd","pullRequests":{"totalCount":71},"forks":{"totalCount":107},"stargazers":{"totalCount":547}},{"name":"rpc-perf","pullRequests":{"totalCount":253},"forks":{"totalCount":46},"stargazers":{"totalCount":356}},{"name":"scoot","pullRequests":{"totalCount":477},"forks":{"totalCount":18},"stargazers":{"totalCount":140}},{"name":"second-control-probability-distributions","pullRequests":{"totalCount":0},"forks":{"totalCount":1},"stargazers":{"totalCount":2}},{"name":"torch-dataset","pullRequests":{"totalCount":5},"forks":{"totalCount":22},"stargazers":{"totalCount":72}},{"name":"torch-ipc","pullRequests":{"totalCount":21},"forks":{"totalCount":27},"stargazers":{"totalCount":95}},{"name":"torch-distlearn","pullRequests":{"totalCount":2},"forks":{"totalCount":23},"stargazers":{"totalCount":91}},{"name":"torch-thrift","pullRequests":{"totalCount":3},"forks":{"totalCount":8},"stargazers":{"totalCount":28}},{"name":"distributedlog","pullRequests":{"totalCount":35},"forks":{"totalCount":281},"stargazers":{"totalCount":2259}},{"name":"GraphJet","pullRequests":{"totalCount":109},"forks":{"totalCount":53},"stargazers":{"totalCount":488}},{"name":"finatra-activator-thrift-seed","pullRequests":{"totalCount":4},"forks":{"totalCount":5},"stargazers":{"totalCount":10}},{"name":"vireo","pullRequests":{"totalCount":12},"forks":{"totalCount":66},"stargazers":{"totalCount":759}},{"name":"ios-twitter-logging-service","pullRequests":{"totalCount":17},"forks":{"totalCount":23},"stargazers":{"totalCount":273}},{"name":"dodo","pullRequests":{"totalCount":8},"forks":{"totalCount":5},"stargazers":{"totalCount":22}},{"name":"analytics-infra-governance","pullRequests":{"totalCount":1},"forks":{"totalCount":2},"stargazers":{"totalCount":6}},{"name":"nodes","pullRequests":{"totalCount":13},"forks":{"totalCount":29},"stargazers":{"totalCount":216}},{"name":"torch-twrl","pullRequests":{"totalCount":17},"forks":{"totalCount":44},"stargazers":{"totalCount":259}},{"name":"meta-learning-lstm","pullRequests":{"totalCount":0},"forks":{"totalCount":111},"stargazers":{"totalCount":285}},{"name":"ios-twitter-image-pipeline","pullRequests":{"totalCount":36},"forks":{"totalCount":83},"stargazers":{"totalCount":1795}},{"name":"groupcache","pullRequests":{"totalCount":11},"forks":{"totalCount":0},"stargazers":{"totalCount":8}},{"name":"torch-decisiontree","pullRequests":{"totalCount":1},"forks":{"totalCount":6},"stargazers":{"totalCount":105}},{"name":"Serial","pullRequests":{"totalCount":33},"forks":{"totalCount":56},"stargazers":{"totalCount":799}},{"name":"rsc","pullRequests":{"totalCount":182},"forks":{"totalCount":35},"stargazers":{"totalCount":1251}},{"name":"ossdecks","pullRequests":{"totalCount":0},"forks":{"totalCount":3},"stargazers":{"totalCount":9}},{"name":"periscope-live-engagement-unity-sdk","pullRequests":{"totalCount":1},"forks":{"totalCount":4},"stargazers":{"totalCount":19}},{"name":"metrics","pullRequests":{"totalCount":6},"forks":{"totalCount":2},"stargazers":{"totalCount":11}},{"name":"go-bindata","pullRequests":{"totalCount":2},"forks":{"totalCount":8},"stargazers":{"totalCount":15}},{"name":"iago2","pullRequests":{"totalCount":1},"forks":{"totalCount":1},"stargazers":{"totalCount":15}},{"name":"gatekeeper-service","pullRequests":{"totalCount":1},"forks":{"totalCount":3},"stargazers":{"totalCount":19}},{"name":"sekhmet","pullRequests":{"totalCount":0},"forks":{"totalCount":2},"stargazers":{"totalCount":19}},{"name":"caladrius","pullRequests":{"totalCount":9},"forks":{"totalCount":5},"stargazers":{"totalCount":14}},{"name":"repo-scaffolding","pullRequests":{"totalCount":5},"forks":{"totalCount":7},"stargazers":{"totalCount":18}},{"name":"ios-twitter-network-layer","pullRequests":{"totalCount":9},"forks":{"totalCount":19},"stargazers":{"totalCount":508}},{"name":"twemoji-parser","pullRequests":{"totalCount":11},"forks":{"totalCount":13},"stargazers":{"totalCount":63}},{"name":"gpl-commitment","pullRequests":{"totalCount":0},"forks":{"totalCount":2},"stargazers":{"totalCount":2}}]}}}}
2020-11-19 13:18:06,171 INFO     - Repo: hadoop-lzo, stars 515
2020-11-19 13:18:06,171 INFO     - Repo: thrift_client, stars 194
2020-11-19 13:18:06,172 INFO     - Repo: twurl, stars 1477
2020-11-19 13:18:06,172 INFO     - Repo: elephant-bird, stars 1099
2020-11-19 13:18:06,172 INFO     - Repo: ostrich, stars 785
2020-11-19 13:18:06,172 INFO     - Repo: scala_school, stars 3570
2020-11-19 13:18:06,172 INFO     - Repo: finagle, stars 7784
2020-11-19 13:18:06,172 INFO     - Repo: joauth, stars 194
2020-11-19 13:18:06,172 INFO     - Repo: twitter.github.io, stars 1508
2020-11-19 13:18:06,172 INFO     - Repo: util, stars 2411
2020-11-19 13:18:06,172 INFO     - Repo: scrooge, stars 716
2020-11-19 13:18:06,173 INFO     - Repo: pycascading, stars 221
2020-11-19 13:18:06,173 INFO     - Repo: hogan.js, stars 5074
2020-11-19 13:18:06,173 INFO     - Repo: scalding, stars 3267
2020-11-19 13:18:06,173 INFO     - Repo: effectivescala, stars 2168
2020-11-19 13:18:06,173 INFO     - Repo: finatra, stars 2041
2020-11-19 13:18:06,173 INFO     - Repo: cassovary, stars 986
2020-11-19 13:18:06,173 INFO     - Repo: twemproxy, stars 10253
2020-11-19 13:18:06,173 INFO     - Repo: twitter-cldr-rb, stars 616
2020-11-19 13:18:06,173 INFO     - Repo: innovators-patent-agreement, stars 912
2020-11-19 13:18:06,173 INFO     - Repo: recess, stars 2217
2020-11-19 13:18:06,174 INFO     - Repo: ambrose, stars 1194
2020-11-19 13:18:06,174 INFO     - Repo: activerecord-reputation-system, stars 1342
2020-11-19 13:18:06,174 INFO     - Repo: twemcache, stars 880
2020-11-19 13:18:06,174 INFO     - Repo: twitter-cldr-js, stars 328
2020-11-19 13:18:06,174 INFO     - Repo: algebird, stars 2017
2020-11-19 13:18:06,174 INFO     - Repo: twitter-cldr-npm, stars 38
2020-11-19 13:18:06,174 INFO     - Repo: tormenta, stars 133
2020-11-19 13:18:06,174 INFO     - Repo: summingbird, stars 2087
2020-11-19 13:18:06,174 INFO     - Repo: chill, stars 558
2020-11-19 13:18:06,175 INFO     - Repo: bijection, stars 607
2020-11-19 13:18:06,175 INFO     - Repo: fatcache, stars 1278
2020-11-19 13:18:06,175 INFO     - Repo: storehaus, stars 461
2020-11-19 13:18:06,175 INFO     - Repo: hbc, stars 882
2020-11-19 13:18:06,175 INFO     - Repo: typeahead.js, stars 16209
2020-11-19 13:18:06,175 INFO     - Repo: twitter-server, stars 1141
2020-11-19 13:18:06,175 INFO     - Repo: netty-http2, stars 109
2020-11-19 13:18:06,175 INFO     - Repo: interactive, stars 208
2020-11-19 13:18:06,175 INFO     - Repo: scala_school2, stars 329
2020-11-19 13:18:06,175 INFO     - Repo: hraven, stars 126
2020-11-19 13:18:06,176 INFO     - Repo: cdk, stars 73
2020-11-19 13:18:06,176 INFO     - Repo: code-of-conduct, stars 76
2020-11-19 13:18:06,176 INFO     - Repo: cloudhopper-commons, stars 36
2020-11-19 13:18:06,176 INFO     - Repo: CocoaSPDY, stars 2401
2020-11-19 13:18:06,176 INFO     - Repo: hpack, stars 171
2020-11-19 13:18:06,176 INFO     - Repo: libwatchman, stars 38
2020-11-19 13:18:06,176 INFO     - Repo: zktraffic, stars 155
2020-11-19 13:18:06,176 INFO     - Repo: SentenTree, stars 144
2020-11-19 13:18:06,176 INFO     - Repo: wordpress, stars 255
2020-11-19 13:18:06,177 INFO     - Repo: BreakoutDetection, stars 713
2020-11-19 13:18:06,177 INFO     - Repo: twitter-korean-text, stars 752
2020-11-19 13:18:06,177 INFO     - Repo: twemoji, stars 11925
2020-11-19 13:18:06,177 INFO     - Repo: twitter-text, stars 2384
2020-11-19 13:18:06,177 INFO     - Repo: AnomalyDetection, stars 3274
2020-11-19 13:18:06,177 INFO     - Repo: scala-json, stars 3
2020-11-19 13:18:06,177 INFO     - Repo: d3kit, stars 406
2020-11-19 13:18:06,177 INFO     - Repo: pants, stars 74
2020-11-19 13:18:06,177 INFO     - Repo: sslconfig, stars 37
2020-11-19 13:18:06,178 INFO     - Repo: whiskey, stars 126
2020-11-19 13:18:06,178 INFO     - Repo: cli-guide.js, stars 41
2020-11-19 13:18:06,178 INFO     - Repo: labella.js, stars 3725
2020-11-19 13:18:06,178 INFO     - Repo: finatra-activator-http-seed, stars 17
2020-11-19 13:18:06,178 INFO     - Repo: finatra-misc, stars 3
2020-11-19 13:18:06,178 INFO     - Repo: pelikan, stars 611
2020-11-19 13:18:06,178 INFO     - Repo: ccommon, stars 79
2020-11-19 13:18:06,178 INFO     - Repo: torch-autograd, stars 547
2020-11-19 13:18:06,178 INFO     - Repo: rpc-perf, stars 356
2020-11-19 13:18:06,178 INFO     - Repo: scoot, stars 140
2020-11-19 13:18:06,178 INFO     - Repo: second-control-probability-distributions, stars 2
2020-11-19 13:18:06,179 INFO     - Repo: torch-dataset, stars 72
2020-11-19 13:18:06,179 INFO     - Repo: torch-ipc, stars 95
2020-11-19 13:18:06,179 INFO     - Repo: torch-distlearn, stars 91
2020-11-19 13:18:06,179 INFO     - Repo: torch-thrift, stars 28
2020-11-19 13:18:06,179 INFO     - Repo: distributedlog, stars 2259
2020-11-19 13:18:06,179 INFO     - Repo: GraphJet, stars 488
2020-11-19 13:18:06,179 INFO     - Repo: finatra-activator-thrift-seed, stars 10
2020-11-19 13:18:06,179 INFO     - Repo: vireo, stars 759
2020-11-19 13:18:06,179 INFO     - Repo: ios-twitter-logging-service, stars 273
2020-11-19 13:18:06,179 INFO     - Repo: dodo, stars 22
2020-11-19 13:18:06,180 INFO     - Repo: analytics-infra-governance, stars 6
2020-11-19 13:18:06,180 INFO     - Repo: nodes, stars 216
2020-11-19 13:18:06,180 INFO     - Repo: torch-twrl, stars 259
2020-11-19 13:18:06,180 INFO     - Repo: meta-learning-lstm, stars 285
2020-11-19 13:18:06,180 INFO     - Repo: ios-twitter-image-pipeline, stars 1795
2020-11-19 13:18:06,180 INFO     - Repo: groupcache, stars 8
2020-11-19 13:18:06,180 INFO     - Repo: torch-decisiontree, stars 105
2020-11-19 13:18:06,180 INFO     - Repo: Serial, stars 799
2020-11-19 13:18:06,180 INFO     - Repo: rsc, stars 1251
2020-11-19 13:18:06,180 INFO     - Repo: ossdecks, stars 9
2020-11-19 13:18:06,181 INFO     - Repo: periscope-live-engagement-unity-sdk, stars 19
2020-11-19 13:18:06,181 INFO     - Repo: metrics, stars 11
2020-11-19 13:18:06,181 INFO     - Repo: go-bindata, stars 15
2020-11-19 13:18:06,181 INFO     - Repo: iago2, stars 15
2020-11-19 13:18:06,181 INFO     - Repo: gatekeeper-service, stars 19
2020-11-19 13:18:06,181 INFO     - Repo: sekhmet, stars 19
2020-11-19 13:18:06,181 INFO     - Repo: caladrius, stars 14
2020-11-19 13:18:06,181 INFO     - Repo: repo-scaffolding, stars 18
2020-11-19 13:18:06,181 INFO     - Repo: ios-twitter-network-layer, stars 508
2020-11-19 13:18:06,181 INFO     - Repo: twemoji-parser, stars 63
2020-11-19 13:18:06,182 INFO     - Repo: gpl-commitment, stars 2
2020-11-19 13:18:06,182 INFO     - None
2020-11-19 13:18:06,660 INFO     - 200
2020-11-19 13:18:06,660 INFO     - {"data":{"organization":{"repositories":{"pageInfo":{"hasNextPage":false,"startCursor":"Y3Vyc29yOnYyOpHOCZSyzg==","endCursor":"Y3Vyc29yOnYyOpHOEVfUbQ=="},"nodes":[{"name":"sqrl","pullRequests":{"totalCount":85},"forks":{"totalCount":6},"stargazers":{"totalCount":38}},{"name":"rezolus","pullRequests":{"totalCount":175},"forks":{"totalCount":46},"stargazers":{"totalCount":868}},{"name":"curation-style-guide","pullRequests":{"totalCount":0},"forks":{"totalCount":1},"stargazers":{"totalCount":5}},{"name":"rustcommon","pullRequests":{"totalCount":46},"forks":{"totalCount":1},"stargazers":{"totalCount":11}},{"name":"sbf","pullRequests":{"totalCount":1},"forks":{"totalCount":2},"stargazers":{"totalCount":13}},{"name":"dict_minimize","pullRequests":{"totalCount":11},"forks":{"totalCount":0},"stargazers":{"totalCount":44}},{"name":"cache-trace","pullRequests":{"totalCount":0},"forks":{"totalCount":0},"stargazers":{"totalCount":31}}]}}}}
2020-11-19 13:18:06,660 INFO     - Repo: hadoop-lzo, stars 515
2020-11-19 13:18:06,660 INFO     - Repo: thrift_client, stars 194
2020-11-19 13:18:06,661 INFO     - Repo: twurl, stars 1477
2020-11-19 13:18:06,661 INFO     - Repo: elephant-bird, stars 1099
2020-11-19 13:18:06,661 INFO     - Repo: ostrich, stars 785
2020-11-19 13:18:06,661 INFO     - Repo: scala_school, stars 3570
2020-11-19 13:18:06,661 INFO     - Repo: finagle, stars 7784
2020-11-19 13:18:06,661 INFO     - Repo: joauth, stars 194
2020-11-19 13:18:06,661 INFO     - Repo: twitter.github.io, stars 1508
2020-11-19 13:18:06,661 INFO     - Repo: util, stars 2411
2020-11-19 13:18:06,662 INFO     - Repo: scrooge, stars 716
2020-11-19 13:18:06,662 INFO     - Repo: pycascading, stars 221
2020-11-19 13:18:06,662 INFO     - Repo: hogan.js, stars 5074
2020-11-19 13:18:06,662 INFO     - Repo: scalding, stars 3267
2020-11-19 13:18:06,662 INFO     - Repo: effectivescala, stars 2168
2020-11-19 13:18:06,662 INFO     - Repo: finatra, stars 2041
2020-11-19 13:18:06,662 INFO     - Repo: cassovary, stars 986
2020-11-19 13:18:06,662 INFO     - Repo: twemproxy, stars 10253
2020-11-19 13:18:06,662 INFO     - Repo: twitter-cldr-rb, stars 616
2020-11-19 13:18:06,663 INFO     - Repo: innovators-patent-agreement, stars 912
2020-11-19 13:18:06,663 INFO     - Repo: recess, stars 2217
2020-11-19 13:18:06,663 INFO     - Repo: ambrose, stars 1194
2020-11-19 13:18:06,663 INFO     - Repo: activerecord-reputation-system, stars 1342
2020-11-19 13:18:06,663 INFO     - Repo: twemcache, stars 880
2020-11-19 13:18:06,663 INFO     - Repo: twitter-cldr-js, stars 328
2020-11-19 13:18:06,663 INFO     - Repo: algebird, stars 2017
2020-11-19 13:18:06,663 INFO     - Repo: twitter-cldr-npm, stars 38
2020-11-19 13:18:06,663 INFO     - Repo: tormenta, stars 133
2020-11-19 13:18:06,664 INFO     - Repo: summingbird, stars 2087
2020-11-19 13:18:06,664 INFO     - Repo: chill, stars 558
2020-11-19 13:18:06,664 INFO     - Repo: bijection, stars 607
2020-11-19 13:18:06,664 INFO     - Repo: fatcache, stars 1278
2020-11-19 13:18:06,664 INFO     - Repo: storehaus, stars 461
2020-11-19 13:18:06,664 INFO     - Repo: hbc, stars 882
2020-11-19 13:18:06,664 INFO     - Repo: typeahead.js, stars 16209
2020-11-19 13:18:06,664 INFO     - Repo: twitter-server, stars 1141
2020-11-19 13:18:06,664 INFO     - Repo: netty-http2, stars 109
2020-11-19 13:18:06,664 INFO     - Repo: interactive, stars 208
2020-11-19 13:18:06,665 INFO     - Repo: scala_school2, stars 329
2020-11-19 13:18:06,665 INFO     - Repo: hraven, stars 126
2020-11-19 13:18:06,665 INFO     - Repo: cdk, stars 73
2020-11-19 13:18:06,665 INFO     - Repo: code-of-conduct, stars 76
2020-11-19 13:18:06,665 INFO     - Repo: cloudhopper-commons, stars 36
2020-11-19 13:18:06,665 INFO     - Repo: CocoaSPDY, stars 2401
2020-11-19 13:18:06,665 INFO     - Repo: hpack, stars 171
2020-11-19 13:18:06,665 INFO     - Repo: libwatchman, stars 38
2020-11-19 13:18:06,665 INFO     - Repo: zktraffic, stars 155
2020-11-19 13:18:06,665 INFO     - Repo: SentenTree, stars 144
2020-11-19 13:18:06,666 INFO     - Repo: wordpress, stars 255
2020-11-19 13:18:06,666 INFO     - Repo: BreakoutDetection, stars 713
2020-11-19 13:18:06,666 INFO     - Repo: twitter-korean-text, stars 752
2020-11-19 13:18:06,666 INFO     - Repo: twemoji, stars 11925
2020-11-19 13:18:06,666 INFO     - Repo: twitter-text, stars 2384
2020-11-19 13:18:06,666 INFO     - Repo: AnomalyDetection, stars 3274
2020-11-19 13:18:06,666 INFO     - Repo: scala-json, stars 3
2020-11-19 13:18:06,666 INFO     - Repo: d3kit, stars 406
2020-11-19 13:18:06,666 INFO     - Repo: pants, stars 74
2020-11-19 13:18:06,667 INFO     - Repo: sslconfig, stars 37
2020-11-19 13:18:06,667 INFO     - Repo: whiskey, stars 126
2020-11-19 13:18:06,667 INFO     - Repo: cli-guide.js, stars 41
2020-11-19 13:18:06,667 INFO     - Repo: labella.js, stars 3725
2020-11-19 13:18:06,667 INFO     - Repo: finatra-activator-http-seed, stars 17
2020-11-19 13:18:06,667 INFO     - Repo: finatra-misc, stars 3
2020-11-19 13:18:06,667 INFO     - Repo: pelikan, stars 611
2020-11-19 13:18:06,667 INFO     - Repo: ccommon, stars 79
2020-11-19 13:18:06,667 INFO     - Repo: torch-autograd, stars 547
2020-11-19 13:18:06,667 INFO     - Repo: rpc-perf, stars 356
2020-11-19 13:18:06,668 INFO     - Repo: scoot, stars 140
2020-11-19 13:18:06,668 INFO     - Repo: second-control-probability-distributions, stars 2
2020-11-19 13:18:06,668 INFO     - Repo: torch-dataset, stars 72
2020-11-19 13:18:06,668 INFO     - Repo: torch-ipc, stars 95
2020-11-19 13:18:06,668 INFO     - Repo: torch-distlearn, stars 91
2020-11-19 13:18:06,668 INFO     - Repo: torch-thrift, stars 28
2020-11-19 13:18:06,668 INFO     - Repo: distributedlog, stars 2259
2020-11-19 13:18:06,668 INFO     - Repo: GraphJet, stars 488
2020-11-19 13:18:06,668 INFO     - Repo: finatra-activator-thrift-seed, stars 10
2020-11-19 13:18:06,668 INFO     - Repo: vireo, stars 759
2020-11-19 13:18:06,669 INFO     - Repo: ios-twitter-logging-service, stars 273
2020-11-19 13:18:06,669 INFO     - Repo: dodo, stars 22
2020-11-19 13:18:06,669 INFO     - Repo: analytics-infra-governance, stars 6
2020-11-19 13:18:06,669 INFO     - Repo: nodes, stars 216
2020-11-19 13:18:06,669 INFO     - Repo: torch-twrl, stars 259
2020-11-19 13:18:06,669 INFO     - Repo: meta-learning-lstm, stars 285
2020-11-19 13:18:06,669 INFO     - Repo: ios-twitter-image-pipeline, stars 1795
2020-11-19 13:18:06,669 INFO     - Repo: groupcache, stars 8
2020-11-19 13:18:06,669 INFO     - Repo: torch-decisiontree, stars 105
2020-11-19 13:18:06,669 INFO     - Repo: Serial, stars 799
2020-11-19 13:18:06,669 INFO     - Repo: rsc, stars 1251
2020-11-19 13:18:06,670 INFO     - Repo: ossdecks, stars 9
2020-11-19 13:18:06,670 INFO     - Repo: periscope-live-engagement-unity-sdk, stars 19
2020-11-19 13:18:06,670 INFO     - Repo: metrics, stars 11
2020-11-19 13:18:06,670 INFO     - Repo: go-bindata, stars 15
2020-11-19 13:18:06,670 INFO     - Repo: iago2, stars 15
2020-11-19 13:18:06,670 INFO     - Repo: gatekeeper-service, stars 19
2020-11-19 13:18:06,670 INFO     - Repo: sekhmet, stars 19
2020-11-19 13:18:06,670 INFO     - Repo: caladrius, stars 14
2020-11-19 13:18:06,670 INFO     - Repo: repo-scaffolding, stars 18
2020-11-19 13:18:06,670 INFO     - Repo: ios-twitter-network-layer, stars 508
2020-11-19 13:18:06,671 INFO     - Repo: twemoji-parser, stars 63
2020-11-19 13:18:06,671 INFO     - Repo: gpl-commitment, stars 2
2020-11-19 13:18:06,671 INFO     - Repo: sqrl, stars 38
2020-11-19 13:18:06,671 INFO     - Repo: rezolus, stars 868
2020-11-19 13:18:06,671 INFO     - Repo: curation-style-guide, stars 5
2020-11-19 13:18:06,671 INFO     - Repo: rustcommon, stars 11
2020-11-19 13:18:06,671 INFO     - Repo: sbf, stars 13
2020-11-19 13:18:06,671 INFO     - Repo: dict_minimize, stars 44
2020-11-19 13:18:06,671 INFO     - Repo: cache-trace, stars 31
2020-11-19 13:18:06,671 INFO     - None
2020-11-19 13:18:06,672 INFO     - Length of stars: 107
2020-11-19 13:18:06,672 INFO     - Length of forks: 107
2020-11-19 13:18:06,672 INFO     - Length of prs: 107
2020-11-19 13:18:06,672 INFO     - None
2020-11-19 13:18:06,672 INFO     - Top stars: [('typeahead.js', 16209), ('twemoji', 11925), ('twemproxy', 10253), ('finagle', 7784), ('hogan.js', 5074)]
2020-11-19 13:18:06,672 INFO     - Top forks: [('typeahead.js', 3127), ('twemproxy', 1752), ('finagle', 1314), ('twemoji', 1296), ('scala_school', 1077)]
2020-11-19 13:18:06,672 INFO     - Top PRs: [('scalding', 1340), ('algebird', 662), ('finagle', 506), ('summingbird', 494), ('scoot', 477)]
2020-11-19 13:18:06,673 INFO     - Top repos for contributions: [('rustcommon', 46.0), ('scoot', 26.5), ('sqrl', 14.17), ('cli-guide.js', 7.75), ('ccommon', 7.59)]
Platform: darwin
200
{"data":{"organization":{"repositories":{"pageInfo":{"hasNextPage":true,"startCursor":"Y3Vyc29yOnYyOpHOAATGJQ==","endCursor":"Y3Vyc29yOnYyOpHOCTt_0Q=="},"nodes":[{"name":"hadoop-lzo","pullRequests":{"totalCount":78},"forks":{"totalCount":187},"stargazers":{"totalCount":515}},{"name":"thrift_client","pullRequests":{"totalCount":45},"forks":{"totalCount":72},"stargazers":{"totalCount":194}},{"name":"twurl","pullRequests":{"totalCount":61},"forks":{"totalCount":247},"stargazers":{"totalCount":1477}},{"name":"elephant-bird","pullRequests":{"totalCount":360},"forks":{"totalCount":341},"stargazers":{"totalCount":1099}},{"name":"ostrich","pullRequests":{"totalCount":52},"forks":{"totalCount":94},"stargazers":{"totalCount":785}},{"name":"scala_school","pullRequests":{"totalCount":172},"forks":{"totalCount":1077},"stargazers":{"totalCount":3570}},{"name":"finagle","pullRequests":{"totalCount":506},"forks":{"totalCount":1314},"stargazers":{"totalCount":7784}},{"name":"joauth","pullRequests":{"totalCount":36},"forks":{"totalCount":50},"stargazers":{"totalCount":194}},{"name":"twitter.github.io","pullRequests":{"totalCount":40},"forks":{"totalCount":401},"stargazers":{"totalCount":1508}},{"name":"util","pullRequests":{"totalCount":168},"forks":{"totalCount":499},"stargazers":{"totalCount":2411}},{"name":"scrooge","pullRequests":{"totalCount":173},"forks":{"totalCount":213},"stargazers":{"totalCount":716}},{"name":"pycascading","pullRequests":{"totalCount":1},"forks":{"totalCount":32},"stargazers":{"totalCount":221}},{"name":"hogan.js","pullRequests":{"totalCount":107},"forks":{"totalCount":416},"stargazers":{"totalCount":5074}},{"name":"scalding","pullRequests":{"totalCount":1340},"forks":{"totalCount":665},"stargazers":{"totalCount":3267}},{"name":"effectivescala","pullRequests":{"totalCount":62},"forks":{"totalCount":593},"stargazers":{"totalCount":2168}},{"name":"finatra","pullRequests":{"totalCount":249},"forks":{"totalCount":358},"stargazers":{"totalCount":2041}},{"name":"cassovary","pullRequests":{"totalCount":154},"forks":{"totalCount":124},"stargazers":{"totalCount":986}},{"name":"twemproxy","pullRequests":{"totalCount":208},"forks":{"totalCount":1752},"stargazers":{"totalCount":10253}},{"name":"twitter-cldr-rb","pullRequests":{"totalCount":169},"forks":{"totalCount":68},"stargazers":{"totalCount":616}},{"name":"innovators-patent-agreement","pullRequests":{"totalCount":12},"forks":{"totalCount":106},"stargazers":{"totalCount":912}},{"name":"recess","pullRequests":{"totalCount":54},"forks":{"totalCount":200},"stargazers":{"totalCount":2217}},{"name":"ambrose","pullRequests":{"totalCount":117},"forks":{"totalCount":204},"stargazers":{"totalCount":1194}},{"name":"activerecord-reputation-system","pullRequests":{"totalCount":17},"forks":{"totalCount":107},"stargazers":{"totalCount":1342}},{"name":"twemcache","pullRequests":{"totalCount":18},"forks":{"totalCount":139},"stargazers":{"totalCount":880}},{"name":"twitter-cldr-js","pullRequests":{"totalCount":53},"forks":{"totalCount":38},"stargazers":{"totalCount":328}},{"name":"algebird","pullRequests":{"totalCount":662},"forks":{"totalCount":283},"stargazers":{"totalCount":2017}},{"name":"twitter-cldr-npm","pullRequests":{"totalCount":5},"forks":{"totalCount":16},"stargazers":{"totalCount":38}},{"name":"tormenta","pullRequests":{"totalCount":52},"forks":{"totalCount":26},"stargazers":{"totalCount":133}},{"name":"summingbird","pullRequests":{"totalCount":494},"forks":{"totalCount":253},"stargazers":{"totalCount":2087}},{"name":"chill","pullRequests":{"totalCount":369},"forks":{"totalCount":108},"stargazers":{"totalCount":558}},{"name":"bijection","pullRequests":{"totalCount":372},"forks":{"totalCount":95},"stargazers":{"totalCount":607}},{"name":"fatcache","pullRequests":{"totalCount":17},"forks":{"totalCount":166},"stargazers":{"totalCount":1278}},{"name":"storehaus","pullRequests":{"totalCount":224},"forks":{"totalCount":75},"stargazers":{"totalCount":461}},{"name":"hbc","pullRequests":{"totalCount":83},"forks":{"totalCount":305},"stargazers":{"totalCount":882}},{"name":"typeahead.js","pullRequests":{"totalCount":470},"forks":{"totalCount":3127},"stargazers":{"totalCount":16209}},{"name":"twitter-server","pullRequests":{"totalCount":30},"forks":{"totalCount":181},"stargazers":{"totalCount":1141}},{"name":"netty-http2","pullRequests":{"totalCount":13},"forks":{"totalCount":47},"stargazers":{"totalCount":109}},{"name":"interactive","pullRequests":{"totalCount":4},"forks":{"totalCount":62},"stargazers":{"totalCount":208}},{"name":"scala_school2","pullRequests":{"totalCount":35},"forks":{"totalCount":67},"stargazers":{"totalCount":329}},{"name":"hraven","pullRequests":{"totalCount":104},"forks":{"totalCount":57},"stargazers":{"totalCount":126}},{"name":"cdk","pullRequests":{"totalCount":8},"forks":{"totalCount":19},"stargazers":{"totalCount":73}},{"name":"code-of-conduct","pullRequests":{"totalCount":3},"forks":{"totalCount":40},"stargazers":{"totalCount":76}},{"name":"cloudhopper-commons","pullRequests":{"totalCount":10},"forks":{"totalCount":27},"stargazers":{"totalCount":36}},{"name":"CocoaSPDY","pullRequests":{"totalCount":114},"forks":{"totalCount":233},"stargazers":{"totalCount":2401}},{"name":"hpack","pullRequests":{"totalCount":22},"forks":{"totalCount":44},"stargazers":{"totalCount":171}},{"name":"libwatchman","pullRequests":{"totalCount":21},"forks":{"totalCount":19},"stargazers":{"totalCount":38}},{"name":"zktraffic","pullRequests":{"totalCount":63},"forks":{"totalCount":39},"stargazers":{"totalCount":155}},{"name":"SentenTree","pullRequests":{"totalCount":8},"forks":{"totalCount":29},"stargazers":{"totalCount":144}},{"name":"wordpress","pullRequests":{"totalCount":27},"forks":{"totalCount":75},"stargazers":{"totalCount":255}},{"name":"BreakoutDetection","pullRequests":{"totalCount":10},"forks":{"totalCount":140},"stargazers":{"totalCount":713}},{"name":"twitter-korean-text","pullRequests":{"totalCount":62},"forks":{"totalCount":153},"stargazers":{"totalCount":752}},{"name":"twemoji","pullRequests":{"totalCount":123},"forks":{"totalCount":1296},"stargazers":{"totalCount":11925}},{"name":"twitter-text","pullRequests":{"totalCount":160},"forks":{"totalCount":371},"stargazers":{"totalCount":2384}},{"name":"AnomalyDetection","pullRequests":{"totalCount":37},"forks":{"totalCount":696},"stargazers":{"totalCount":3274}},{"name":"scala-json","pullRequests":{"totalCount":2},"forks":{"totalCount":5},"stargazers":{"totalCount":3}},{"name":"d3kit","pullRequests":{"totalCount":5},"forks":{"totalCount":40},"stargazers":{"totalCount":406}},{"name":"pants","pullRequests":{"totalCount":12},"forks":{"totalCount":21},"stargazers":{"totalCount":74}},{"name":"sslconfig","pullRequests":{"totalCount":3},"forks":{"totalCount":14},"stargazers":{"totalCount":37}},{"name":"whiskey","pullRequests":{"totalCount":17},"forks":{"totalCount":19},"stargazers":{"totalCount":126}},{"name":"cli-guide.js","pullRequests":{"totalCount":93},"forks":{"totalCount":12},"stargazers":{"totalCount":41}},{"name":"labella.js","pullRequests":{"totalCount":17},"forks":{"totalCount":113},"stargazers":{"totalCount":3725}},{"name":"finatra-activator-http-seed","pullRequests":{"totalCount":3},"forks":{"totalCount":3},"stargazers":{"totalCount":17}},{"name":"finatra-misc","pullRequests":{"totalCount":4},"forks":{"totalCount":6},"stargazers":{"totalCount":3}},{"name":"pelikan","pullRequests":{"totalCount":228},"forks":{"totalCount":65},"stargazers":{"totalCount":611}},{"name":"ccommon","pullRequests":{"totalCount":205},"forks":{"totalCount":27},"stargazers":{"totalCount":79}},{"name":"torch-autograd","pullRequests":{"totalCount":71},"forks":{"totalCount":107},"stargazers":{"totalCount":547}},{"name":"rpc-perf","pullRequests":{"totalCount":253},"forks":{"totalCount":46},"stargazers":{"totalCount":356}},{"name":"scoot","pullRequests":{"totalCount":477},"forks":{"totalCount":18},"stargazers":{"totalCount":140}},{"name":"second-control-probability-distributions","pullRequests":{"totalCount":0},"forks":{"totalCount":1},"stargazers":{"totalCount":2}},{"name":"torch-dataset","pullRequests":{"totalCount":5},"forks":{"totalCount":22},"stargazers":{"totalCount":72}},{"name":"torch-ipc","pullRequests":{"totalCount":21},"forks":{"totalCount":27},"stargazers":{"totalCount":95}},{"name":"torch-distlearn","pullRequests":{"totalCount":2},"forks":{"totalCount":23},"stargazers":{"totalCount":91}},{"name":"torch-thrift","pullRequests":{"totalCount":3},"forks":{"totalCount":8},"stargazers":{"totalCount":28}},{"name":"distributedlog","pullRequests":{"totalCount":35},"forks":{"totalCount":281},"stargazers":{"totalCount":2259}},{"name":"GraphJet","pullRequests":{"totalCount":109},"forks":{"totalCount":53},"stargazers":{"totalCount":488}},{"name":"finatra-activator-thrift-seed","pullRequests":{"totalCount":4},"forks":{"totalCount":5},"stargazers":{"totalCount":10}},{"name":"vireo","pullRequests":{"totalCount":12},"forks":{"totalCount":66},"stargazers":{"totalCount":759}},{"name":"ios-twitter-logging-service","pullRequests":{"totalCount":17},"forks":{"totalCount":23},"stargazers":{"totalCount":273}},{"name":"dodo","pullRequests":{"totalCount":8},"forks":{"totalCount":5},"stargazers":{"totalCount":22}},{"name":"analytics-infra-governance","pullRequests":{"totalCount":1},"forks":{"totalCount":2},"stargazers":{"totalCount":6}},{"name":"nodes","pullRequests":{"totalCount":13},"forks":{"totalCount":29},"stargazers":{"totalCount":216}},{"name":"torch-twrl","pullRequests":{"totalCount":17},"forks":{"totalCount":44},"stargazers":{"totalCount":259}},{"name":"meta-learning-lstm","pullRequests":{"totalCount":0},"forks":{"totalCount":111},"stargazers":{"totalCount":285}},{"name":"ios-twitter-image-pipeline","pullRequests":{"totalCount":36},"forks":{"totalCount":83},"stargazers":{"totalCount":1795}},{"name":"groupcache","pullRequests":{"totalCount":11},"forks":{"totalCount":0},"stargazers":{"totalCount":8}},{"name":"torch-decisiontree","pullRequests":{"totalCount":1},"forks":{"totalCount":6},"stargazers":{"totalCount":105}},{"name":"Serial","pullRequests":{"totalCount":33},"forks":{"totalCount":56},"stargazers":{"totalCount":799}},{"name":"rsc","pullRequests":{"totalCount":182},"forks":{"totalCount":35},"stargazers":{"totalCount":1251}},{"name":"ossdecks","pullRequests":{"totalCount":0},"forks":{"totalCount":3},"stargazers":{"totalCount":9}},{"name":"periscope-live-engagement-unity-sdk","pullRequests":{"totalCount":1},"forks":{"totalCount":4},"stargazers":{"totalCount":19}},{"name":"metrics","pullRequests":{"totalCount":6},"forks":{"totalCount":2},"stargazers":{"totalCount":11}},{"name":"go-bindata","pullRequests":{"totalCount":2},"forks":{"totalCount":8},"stargazers":{"totalCount":15}},{"name":"iago2","pullRequests":{"totalCount":1},"forks":{"totalCount":1},"stargazers":{"totalCount":15}},{"name":"gatekeeper-service","pullRequests":{"totalCount":1},"forks":{"totalCount":3},"stargazers":{"totalCount":19}},{"name":"sekhmet","pullRequests":{"totalCount":0},"forks":{"totalCount":2},"stargazers":{"totalCount":19}},{"name":"caladrius","pullRequests":{"totalCount":9},"forks":{"totalCount":5},"stargazers":{"totalCount":14}},{"name":"repo-scaffolding","pullRequests":{"totalCount":5},"forks":{"totalCount":7},"stargazers":{"totalCount":18}},{"name":"ios-twitter-network-layer","pullRequests":{"totalCount":9},"forks":{"totalCount":19},"stargazers":{"totalCount":508}},{"name":"twemoji-parser","pullRequests":{"totalCount":11},"forks":{"totalCount":13},"stargazers":{"totalCount":63}},{"name":"gpl-commitment","pullRequests":{"totalCount":0},"forks":{"totalCount":2},"stargazers":{"totalCount":2}}]}}}}
200
{"data":{"organization":{"repositories":{"pageInfo":{"hasNextPage":false,"startCursor":"Y3Vyc29yOnYyOpHOCZSyzg==","endCursor":"Y3Vyc29yOnYyOpHOEVfUbQ=="},"nodes":[{"name":"sqrl","pullRequests":{"totalCount":85},"forks":{"totalCount":6},"stargazers":{"totalCount":38}},{"name":"rezolus","pullRequests":{"totalCount":175},"forks":{"totalCount":46},"stargazers":{"totalCount":868}},{"name":"curation-style-guide","pullRequests":{"totalCount":0},"forks":{"totalCount":1},"stargazers":{"totalCount":5}},{"name":"rustcommon","pullRequests":{"totalCount":46},"forks":{"totalCount":1},"stargazers":{"totalCount":11}},{"name":"sbf","pullRequests":{"totalCount":1},"forks":{"totalCount":2},"stargazers":{"totalCount":13}},{"name":"dict_minimize","pullRequests":{"totalCount":11},"forks":{"totalCount":0},"stargazers":{"totalCount":44}},{"name":"cache-trace","pullRequests":{"totalCount":0},"forks":{"totalCount":0},"stargazers":{"totalCount":31}}]}}}}
Top stars: [('typeahead.js', 16209), ('twemoji', 11925), ('twemproxy', 10253), ('finagle', 7784), ('hogan.js', 5074)]
Top forks: [('typeahead.js', 3127), ('twemproxy', 1752), ('finagle', 1314), ('twemoji', 1296), ('scala_school', 1077)]
Top PRs: [('scalding', 1340), ('algebird', 662), ('finagle', 506), ('summingbird', 494), ('scoot', 477)]
Top repos for contributions: [('rustcommon', 46.0), ('scoot', 26.5), ('sqrl', 14.17), ('cli-guide.js', 7.75), ('ccommon', 7.59)]
Platform: darwin
Top stars: [('typeahead.js', 16209), ('twemoji', 11925), ('twemproxy', 10253), ('finagle', 7784), ('hogan.js', 5074)]
Top forks: [('typeahead.js', 3127), ('twemproxy', 1752), ('finagle', 1314), ('twemoji', 1296), ('scala_school', 1077)]
Top PRs: [('scalding', 1340), ('algebird', 662), ('finagle', 506), ('summingbird', 494), ('scoot', 477)]
Top repos for contributions: [('rustcommon', 46.0), ('scoot', 26.5), ('sqrl', 14.17), ('cli-guide.js', 7.75), ('ccommon', 7.59)]
Platform: darwin
Top stars: [('typeahead.js', 16209), ('twemoji', 11925), ('twemproxy', 10253), ('finagle', 7784), ('hogan.js', 5074)]
Top forks: [('typeahead.js', 3127), ('twemproxy', 1752), ('finagle', 1314), ('twemoji', 1296), ('scala_school', 1077)]
Top PRs: [('scalding', 1340), ('algebird', 662), ('finagle', 506), ('summingbird', 494), ('scoot', 477)]
Top repos for contributions: [('rustcommon', 46.0), ('scoot', 26.5), ('sqrl', 14.17), ('cli-guide.js', 7.75), ('ccommon', 7.59)]
Top stars: [('typeahead.js', 16209), ('twemoji', 11925), ('twemproxy', 10253), ('finagle', 7784), ('hogan.js', 5074)]
Top forks: [('typeahead.js', 3127), ('twemproxy', 1752), ('finagle', 1314), ('twemoji', 1296), ('scala_school', 1077)]
Top PRs: [('scalding', 1340), ('algebird', 662), ('finagle', 506), ('summingbird', 494), ('scoot', 477)]
Top repos for contributions: [('rustcommon', 46.0), ('scoot', 26.5), ('sqrl', 14.17), ('cli-guide.js', 7.75), ('ccommon', 7.59)]
2020-11-19 14:08:59,210 INFO     - Top stars: [('typeahead.js', 16209), ('twemoji', 11925), ('twemproxy', 10253), ('finagle', 7784), ('hogan.js', 5074)]
2020-11-19 14:08:59,211 INFO     - Top forks: [('typeahead.js', 3127), ('twemproxy', 1752), ('finagle', 1314), ('twemoji', 1296), ('scala_school', 1077)]
2020-11-19 14:08:59,211 INFO     - Top PRs: [('scalding', 1340), ('algebird', 662), ('finagle', 506), ('summingbird', 494), ('scoot', 477)]
2020-11-19 14:08:59,211 INFO     - Top repos for contributions: [('rustcommon', 46.0), ('scoot', 26.5), ('sqrl', 14.17), ('cli-guide.js', 7.75), ('ccommon', 7.59)]
Top stars: [('typeahead.js', 16209), ('twemoji', 11925), ('twemproxy', 10253), ('finagle', 7784), ('hogan.js', 5074)]
Top forks: [('typeahead.js', 3127), ('twemproxy', 1752), ('finagle', 1314), ('twemoji', 1296), ('scala_school', 1077)]
Top PRs: [('scalding', 1340), ('algebird', 662), ('finagle', 506), ('summingbird', 494), ('scoot', 477)]
Top repos for contributions: [('rustcommon', 46.0), ('scoot', 26.5), ('sqrl', 14.17), ('cli-guide.js', 7.75), ('ccommon', 7.59)]
Top repo for stars: [('typeahead.js', 16209), ('twemoji', 11925), ('twemproxy', 10253), ('finagle', 7784), ('hogan.js', 5074)]
Top repos for forks: [('typeahead.js', 3127), ('twemproxy', 1752), ('finagle', 1314), ('twemoji', 1296), ('scala_school', 1077)]
Top repos for PRs: [('scalding', 1340), ('algebird', 662), ('finagle', 506), ('summingbird', 494), ('scoot', 477)]
Top repos for contributions: [('rustcommon', 46.0), ('scoot', 26.5), ('sqrl', 14.17), ('cli-guide.js', 7.75), ('ccommon', 7.59)]
Top repo for stars: [('typeahead.js', 16209), ('twemoji', 11925), ('twemproxy', 10253), ('finagle', 7784), ('hogan.js', 5074)]
Top repos for forks: [('typeahead.js', 3127), ('twemproxy', 1752), ('finagle', 1314), ('twemoji', 1296), ('scala_school', 1077)]
Top repos for PRs: [('scalding', 1340), ('algebird', 662), ('finagle', 506), ('summingbird', 494), ('scoot', 477)]
Top repos for contributions: [('rustcommon', 46.0), ('scoot', 26.5), ('sqrl', 14.17), ('cli-guide.js', 7.75), ('ccommon', 7.59)]
